# ELBREAD: Elaboration process.
# ELBREAD: Elaboration time 0.0 [s].
# ELBREAD: Elaboration process.
# ELBREAD: Elaboration time 0.0 [s].
asim -advdataflow  seqmul_entity_tb tb_architecture
# ELBREAD: Elaboration process.
# ELBREAD: Elaboration time 0.0 [s].
# asim: Stack memory: 32MB
# asim: Retval memory: 32MB
# KERNEL: Main thread initiated.
# KERNEL: Kernel process initialization phase.
# KERNEL: Time resolution set to 1ps.
# ELAB2: Elaboration final pass...
# ELAB2: Create instances ...
# ELAB2: Create instances complete.
# ELAB2: Elaboration final pass complete - time: 0.0 [s].
# KERNEL: Kernel process initialization done.
# Allocation: Simulator allocated 1777 kB (elbread=1023 elab2=483 kernel=270 sdf=0)
# KERNEL: ASDB file was created in location c:\My_Designs\Seq_Multiplier\SeqMultiplier\src\wave.asdb
#  1:54 PM, Monday, May 7, 2018
#  Simulation has been initialized
#  Selected Top-Level: seqmul_entity_tb (tb_architecture)
# 3 signal(s) traced.
run 100 ns
# KERNEL: stopped at time: 100 ns
#  Simulation has been stopped
