# ELBREAD: Elaboration process.
# ELBREAD: Elaboration time 0.0 [s].
asim -advdataflow  boothmul_entity_tb tb_architecture
# ELBREAD: Elaboration process.
# ELBREAD: Elaboration time 0.0 [s].
# asim: Stack memory: 32MB
# asim: Retval memory: 32MB
acom -work BoothMul -2002  $DSN/src/BoothMultiplier.vhd
# Compile...
# File: c:\My_Designs\BoothMultiplier\BoothMul\src\BoothMultiplier.vhd
# Compile Entity "BoothMul_entity"
# Compile Architecture "BoothMul_arch" of Entity "BoothMul_entity"
# Compile success 0 Errors 0 Warnings  Analysis time :  47.0 [ms]
# ELBREAD: Elaboration process.
# ELBREAD: Error: The contents of entity 'boothmul.boothmul_entity' instantiated in architecture 'tb_architecture:boothmul_entity_tb' differ from the contents available during the compilation of this architecture.
# ELBREAD: Error: Elaboration process completed with errors.
# Design: Error: Elaboration failed
# Design: Design BoothMul already active.
# ELBREAD: Elaboration process.
# ELBREAD: Error: The contents of entity 'boothmul.boothmul_entity' instantiated in architecture 'tb_architecture:boothmul_entity_tb' differ from the contents available during the compilation of this architecture.
# ELBREAD: Error: Elaboration process completed with errors.
# Design: Error: Elaboration failed
# Design: Design BoothMul already active.
# ELBREAD: Elaboration process.
# ELBREAD: Error: The contents of entity 'boothmul.boothmul_entity' instantiated in architecture 'tb_architecture:boothmul_entity_tb' differ from the contents available during the compilation of this architecture.
# ELBREAD: Error: Elaboration process completed with errors.
# Design: Error: Elaboration failed
acom -work BoothMul -2002  $DSN/src/TestBench/boothmul_entity_TB.vhd
# Compile...
# File: c:\My_Designs\BoothMultiplier\BoothMul\src\TestBench\boothmul_entity_TB.vhd
# Compile Entity "boothmul_entity_tb"
# Compile Architecture "TB_ARCHITECTURE" of Entity "boothmul_entity_tb"
# Compile Configuration "TESTBENCH_FOR_boothmul_entity"
# Compile success 0 Errors 0 Warnings  Analysis time :  62.0 [ms]
acom -work BoothMul -2002  $DSN/src/BoothMultiplier.vhd
# Compile...
# File: c:\My_Designs\BoothMultiplier\BoothMul\src\BoothMultiplier.vhd
# Compile Entity "BoothMul_entity"
# Compile Architecture "BoothMul_arch" of Entity "BoothMul_entity"
# Compile success 0 Errors 0 Warnings  Analysis time :  62.0 [ms]
# ELBREAD: Elaboration process.
# ELBREAD: Elaboration time 0.0 [s].
asim -advdataflow  boothmul_entity_tb tb_architecture
# ELBREAD: Elaboration process.
# ELBREAD: Elaboration time 0.0 [s].
# asim: Stack memory: 32MB
# asim: Retval memory: 32MB
# KERNEL: Main thread initiated.
# KERNEL: Kernel process initialization phase.
# KERNEL: Time resolution set to 1ps.
# ELAB2: Elaboration final pass...
# ELAB2: Create instances ...
# ELAB2: Create instances complete.
# ELAB2: Elaboration final pass complete - time: 0.0 [s].
# KERNEL: Kernel process initialization done.
# Allocation: Simulator allocated 1779 kB (elbread=1023 elab2=485 kernel=270 sdf=0)
# KERNEL: ASDB file was created in location c:\My_Designs\BoothMultiplier\BoothMul\src\wave.asdb
#  10:20 AM, Monday, May 7, 2018
#  Simulation has been initialized
#  Selected Top-Level: boothmul_entity_tb (tb_architecture)
# 3 signal(s) traced.
run 100 ns
# KERNEL: WARNING: NUMERIC_STD."=": metavalue detected, returning FALSE
# KERNEL: Time: 0 ps,  Iteration: 0,  Instance: /UUT,  Process: line__43.
# KERNEL: WARNING: NUMERIC_STD."=": metavalue detected, returning FALSE
# KERNEL: Time: 0 ps,  Iteration: 0,  Instance: /UUT,  Process: line__43.
# KERNEL: WARNING: NUMERIC_STD."=": metavalue detected, returning FALSE
# KERNEL: Time: 0 ps,  Iteration: 0,  Instance: /UUT,  Process: line__43.
# KERNEL: WARNING: NUMERIC_STD."=": metavalue detected, returning FALSE
# KERNEL: Time: 0 ps,  Iteration: 0,  Instance: /UUT,  Process: line__43.
# KERNEL: WARNING: NUMERIC_STD."=": metavalue detected, returning FALSE
# KERNEL: Time: 0 ps,  Iteration: 0,  Instance: /UUT,  Process: line__43.
# KERNEL: WARNING: NUMERIC_STD."=": metavalue detected, returning FALSE
# KERNEL: Time: 0 ps,  Iteration: 0,  Instance: /UUT,  Process: line__43.
# KERNEL: WARNING: NUMERIC_STD."=": metavalue detected, returning FALSE
# KERNEL: Time: 0 ps,  Iteration: 0,  Instance: /UUT,  Process: line__43.
# KERNEL: WARNING: NUMERIC_STD."=": metavalue detected, returning FALSE
# KERNEL: Time: 0 ps,  Iteration: 0,  Instance: /UUT,  Process: line__43.
# KERNEL: WARNING: NUMERIC_STD."=": metavalue detected, returning FALSE
# KERNEL: Time: 0 ps,  Iteration: 0,  Instance: /UUT,  Process: line__43.
# KERNEL: WARNING: NUMERIC_STD."=": metavalue detected, returning FALSE
# KERNEL: Time: 0 ps,  Iteration: 0,  Instance: /UUT,  Process: line__43.
# KERNEL: WARNING: NUMERIC_STD."=": metavalue detected, returning FALSE
# KERNEL: Time: 0 ps,  Iteration: 0,  Instance: /UUT,  Process: line__43.
# KERNEL: WARNING: NUMERIC_STD."=": metavalue detected, returning FALSE
# KERNEL: Time: 0 ps,  Iteration: 0,  Instance: /UUT,  Process: line__43.
# KERNEL: WARNING: NUMERIC_STD."=": metavalue detected, returning FALSE
# KERNEL: Time: 0 ps,  Iteration: 0,  Instance: /UUT,  Process: line__43.
# KERNEL: WARNING: NUMERIC_STD."=": metavalue detected, returning FALSE
# KERNEL: Time: 0 ps,  Iteration: 0,  Instance: /UUT,  Process: line__43.
# KERNEL: WARNING: NUMERIC_STD."=": metavalue detected, returning FALSE
# KERNEL: Time: 0 ps,  Iteration: 0,  Instance: /UUT,  Process: line__43.
# KERNEL: WARNING: NUMERIC_STD."=": metavalue detected, returning FALSE
# KERNEL: Time: 0 ps,  Iteration: 0,  Instance: /UUT,  Process: line__43.
# KERNEL: stopped at time: 100 ns
#  Simulation has been stopped
